<?xml version="1.0" encoding="UTF-8"?>
<!-- Generated by org.testng.reporters.JUnitXMLReporter -->
<testsuite hostname="DESKTOP-9I1M7L8" ignored="0" name="Default test" tests="16" failures="0" timestamp="2019-10-03T11:45:10 EDT" time="5.776" errors="0">
  <testcase name="testDeleteRequest" time="1.338" classname="GetAPI.TypicodeAPI"/>
  <testcase name="testGetCommentsResponse" time="0.472" classname="GetAPI.TypicodeAPI"/>
  <testcase name="testGetCommentsStatusCodeAndContentType" time="0.132" classname="GetAPI.TypicodeAPI"/>
  <testcase name="testGetPostById" time="0.507" classname="GetAPI.TypicodeAPI"/>
  <testcase name="testGetPostByInvalidId" time="0.245" classname="GetAPI.TypicodeAPI"/>
  <testcase name="testGetPostsNonEmptyResponse" time="0.27" classname="GetAPI.TypicodeAPI"/>
  <testcase name="testGetPostsResponse" time="0.131" classname="GetAPI.TypicodeAPI"/>
  <testcase name="testGetPostsStatusCodeAndContentType" time="0.139" classname="GetAPI.TypicodeAPI"/>
  <testcase name="testGetUserPosts" time="0.16" classname="GetAPI.TypicodeAPI"/>
  <testcase name="testGetUserPostsStatusCodeAndContentType" time="0.125" classname="GetAPI.TypicodeAPI"/>
  <testcase name="testPatchRequest" time="0.383" classname="GetAPI.TypicodeAPI"/>
  <testcase name="testPostRequest" time="0.222" classname="GetAPI.TypicodeAPI"/>
  <testcase name="testPostRequestWithInvalidId" time="0.192" classname="GetAPI.TypicodeAPI"/>
  <testcase name="testPutRequestFull" time="0.259" classname="GetAPI.TypicodeAPI"/>
  <testcase name="testPutRequestIdNotFound" time="0.183" classname="GetAPI.TypicodeAPI"/>
  <testcase name="testPutRequestPartial" time="0.472" classname="GetAPI.TypicodeAPI"/>
</testsuite> <!-- Default test -->
