<?xml version="1.0" encoding="UTF-8"?>
<!-- Generated by org.testng.reporters.JUnitXMLReporter -->
<testsuite hostname="DESKTOP-9I1M7L8" ignored="0" name="Regression 1" tests="16" failures="0" timestamp="2019-10-03T12:00:47 EDT" time="2.72" errors="0">
  <testcase name="testDeleteRequest" time="1.186" classname="GetAPI.TypicodeAPI"/>
  <testcase name="testGetCommentsStatusCodeAndContentType" time="1.196" classname="GetAPI.TypicodeAPI"/>
  <testcase name="testGetPostsNonEmptyResponse" time="0.183" classname="GetAPI.TypicodeAPI"/>
  <testcase name="testGetPostByInvalidId" time="0.203" classname="GetAPI.TypicodeAPI"/>
  <testcase name="testGetCommentsResponse" time="1.422" classname="GetAPI.TypicodeAPI"/>
  <testcase name="testGetPostsStatusCodeAndContentType" time="0.13" classname="GetAPI.TypicodeAPI"/>
  <testcase name="testGetPostsResponse" time="0.147" classname="GetAPI.TypicodeAPI"/>
  <testcase name="testGetUserPosts" time="0.14" classname="GetAPI.TypicodeAPI"/>
  <testcase name="testGetPostById" time="1.573" classname="GetAPI.TypicodeAPI"/>
  <testcase name="testGetUserPostsStatusCodeAndContentType" time="0.11" classname="GetAPI.TypicodeAPI"/>
  <testcase name="testPostRequestWithInvalidId" time="0.215" classname="GetAPI.TypicodeAPI"/>
  <testcase name="testPatchRequest" time="0.307" classname="GetAPI.TypicodeAPI"/>
  <testcase name="testPostRequest" time="0.275" classname="GetAPI.TypicodeAPI"/>
  <testcase name="testPutRequestFull" time="0.346" classname="GetAPI.TypicodeAPI"/>
  <testcase name="testPutRequestIdNotFound" time="0.202" classname="GetAPI.TypicodeAPI"/>
  <testcase name="testPutRequestPartial" time="0.49" classname="GetAPI.TypicodeAPI"/>
</testsuite> <!-- Regression 1 -->
